Sending Logstash's logs to /home/mark/elastic/logstash-5.6.3/logs which is now configured via log4j2.properties
[2017-10-23T21:27:26,290][INFO ][logstash.modules.scaffold] Initializing module {:module_name=>"netflow", :directory=>"/home/mark/elastic/logstash-5.6.3/modules/netflow/configuration"}
[2017-10-23T21:27:26,304][INFO ][logstash.modules.scaffold] Initializing module {:module_name=>"fb_apache", :directory=>"/home/mark/elastic/logstash-5.6.3/modules/fb_apache/configuration"}
[2017-10-23T21:27:26,540][INFO ][logstash.filters.multitest] Using version 0.1.x filter plugin 'multitest'. This plugin isn't well supported by the community and likely has no maintainer.
[2017-10-23T21:27:26,702][INFO ][logstash.pipeline        ] Starting pipeline {"id"=>"main", "pipeline.workers"=>1, "pipeline.batch.size"=>125, "pipeline.batch.delay"=>5, "pipeline.max_inflight"=>125}
[2017-10-23T21:27:26,710][INFO ][logstash.pipeline        ] Pipeline main started
[2017-10-23T21:27:26,723][INFO ][logstash.filters.multitest] multi_filter called, 0 events
[2017-10-23T21:27:26,729][INFO ][logstash.filters.multitest] multi_filter called, 0 events
[2017-10-23T21:27:26,736][INFO ][logstash.filters.multitest] multi_filter called, 0 events
[2017-10-23T21:27:26,741][INFO ][logstash.filters.multitest] multi_filter called, 0 events
[2017-10-23T21:27:26,747][INFO ][logstash.filters.multitest] multi_filter called, 0 events
[2017-10-23T21:27:26,753][INFO ][logstash.filters.multitest] multi_filter called, 0 events
[2017-10-23T21:27:26,758][INFO ][logstash.filters.multitest] multi_filter called, 0 events
[2017-10-23T21:27:26,764][INFO ][logstash.filters.multitest] multi_filter called, 0 events
[2017-10-23T21:27:26,770][INFO ][logstash.filters.multitest] multi_filter called, 0 events
[2017-10-23T21:27:26,786][INFO ][logstash.filters.multitest] multi_filter called, 1 events
{
          "host" => "ip-172-31-25-109",
      "@version" => "1",
    "@timestamp" => 2017-10-23T21:27:26.774Z,
       "message" => "ok"
}
[2017-10-23T21:27:26,802][INFO ][logstash.filters.multitest] multi_filter called, 0 events
[2017-10-23T21:27:26,808][INFO ][logstash.filters.multitest] multi_filter called, 0 events
[2017-10-23T21:27:26,809][INFO ][logstash.agent           ] Successfully started Logstash API endpoint {:port=>9600}
[2017-10-23T21:27:26,813][INFO ][logstash.filters.multitest] multi_filter called, 0 events
[2017-10-23T21:27:26,818][INFO ][logstash.filters.multitest] multi_filter called, 0 events
[2017-10-23T21:27:26,824][INFO ][logstash.filters.multitest] multi_filter called, 0 events
[2017-10-23T21:27:26,830][INFO ][logstash.filters.multitest] multi_filter called, 0 events
[2017-10-23T21:27:26,835][INFO ][logstash.filters.multitest] multi_filter called, 0 events
[2017-10-23T21:27:26,841][INFO ][logstash.filters.multitest] multi_filter called, 0 events
[2017-10-23T21:27:26,846][INFO ][logstash.filters.multitest] multi_filter called, 0 events
[2017-10-23T21:27:26,852][INFO ][logstash.filters.multitest] multi_filter called, 0 events
[2017-10-23T21:27:26,857][INFO ][logstash.filters.multitest] multi_filter called, 0 events
[2017-10-23T21:27:26,863][INFO ][logstash.filters.multitest] multi_filter called, 0 events
[2017-10-23T21:27:26,868][INFO ][logstash.filters.multitest] multi_filter called, 0 events
[2017-10-23T21:27:26,874][INFO ][logstash.filters.multitest] multi_filter called, 0 events
[2017-10-23T21:27:26,879][INFO ][logstash.filters.multitest] multi_filter called, 0 events
[2017-10-23T21:27:26,886][INFO ][logstash.filters.multitest] multi_filter called, 0 events
[2017-10-23T21:27:26,893][INFO ][logstash.filters.multitest] multi_filter called, 0 events
[2017-10-23T21:27:26,898][INFO ][logstash.filters.multitest] multi_filter called, 0 events
[2017-10-23T21:27:26,904][INFO ][logstash.filters.multitest] multi_filter called, 0 events
[2017-10-23T21:27:26,909][INFO ][logstash.filters.multitest] multi_filter called, 0 events
[2017-10-23T21:27:26,915][INFO ][logstash.filters.multitest] multi_filter called, 0 events
[2017-10-23T21:27:26,921][INFO ][logstash.filters.multitest] multi_filter called, 0 events
[2017-10-23T21:27:26,926][INFO ][logstash.filters.multitest] multi_filter called, 0 events
[2017-10-23T21:27:26,932][INFO ][logstash.filters.multitest] multi_filter called, 0 events
[2017-10-23T21:27:26,937][INFO ][logstash.filters.multitest] multi_filter called, 0 events
[2017-10-23T21:27:26,943][INFO ][logstash.filters.multitest] multi_filter called, 0 events
[2017-10-23T21:27:26,948][INFO ][logstash.filters.multitest] multi_filter called, 0 events
[2017-10-23T21:27:26,953][INFO ][logstash.filters.multitest] multi_filter called, 0 events
[2017-10-23T21:27:26,959][INFO ][logstash.filters.multitest] multi_filter called, 0 events
[2017-10-23T21:27:26,964][INFO ][logstash.filters.multitest] multi_filter called, 0 events
[2017-10-23T21:27:26,970][INFO ][logstash.filters.multitest] multi_filter called, 0 events
[2017-10-23T21:27:26,975][INFO ][logstash.filters.multitest] multi_filter called, 0 events
[2017-10-23T21:27:26,981][INFO ][logstash.filters.multitest] multi_filter called, 0 events
[2017-10-23T21:27:26,986][INFO ][logstash.filters.multitest] multi_filter called, 0 events
[2017-10-23T21:27:26,992][INFO ][logstash.filters.multitest] multi_filter called, 0 events
[2017-10-23T21:27:26,997][INFO ][logstash.filters.multitest] multi_filter called, 0 events
[2017-10-23T21:27:27,003][INFO ][logstash.filters.multitest] multi_filter called, 0 events
[2017-10-23T21:27:27,008][INFO ][logstash.filters.multitest] multi_filter called, 0 events
[2017-10-23T21:27:27,013][INFO ][logstash.filters.multitest] multi_filter called, 0 events
[2017-10-23T21:27:27,019][INFO ][logstash.filters.multitest] multi_filter called, 0 events
[2017-10-23T21:27:27,025][INFO ][logstash.filters.multitest] multi_filter called, 0 events
[2017-10-23T21:27:27,032][INFO ][logstash.filters.multitest] multi_filter called, 0 events
[2017-10-23T21:27:27,043][INFO ][logstash.filters.multitest] multi_filter called, 0 events
[2017-10-23T21:27:27,049][INFO ][logstash.filters.multitest] multi_filter called, 0 events
[2017-10-23T21:27:27,055][INFO ][logstash.filters.multitest] multi_filter called, 0 events
[2017-10-23T21:27:27,060][INFO ][logstash.filters.multitest] multi_filter called, 0 events
[2017-10-23T21:27:27,068][INFO ][logstash.filters.multitest] multi_filter called, 0 events
[2017-10-23T21:27:27,073][INFO ][logstash.filters.multitest] multi_filter called, 0 events
[2017-10-23T21:27:27,079][INFO ][logstash.filters.multitest] multi_filter called, 0 events
[2017-10-23T21:27:27,085][INFO ][logstash.filters.multitest] multi_filter called, 0 events
[2017-10-23T21:27:27,091][INFO ][logstash.filters.multitest] multi_filter called, 0 events
[2017-10-23T21:27:27,097][INFO ][logstash.filters.multitest] multi_filter called, 0 events
[2017-10-23T21:27:27,102][INFO ][logstash.filters.multitest] multi_filter called, 0 events
[2017-10-23T21:27:27,107][INFO ][logstash.filters.multitest] multi_filter called, 0 events
[2017-10-23T21:27:27,113][INFO ][logstash.filters.multitest] multi_filter called, 0 events
[2017-10-23T21:27:27,118][INFO ][logstash.filters.multitest] multi_filter called, 0 events
[2017-10-23T21:27:27,124][INFO ][logstash.filters.multitest] multi_filter called, 0 events
[2017-10-23T21:27:27,129][INFO ][logstash.filters.multitest] multi_filter called, 0 events
[2017-10-23T21:27:27,134][INFO ][logstash.filters.multitest] multi_filter called, 0 events
[2017-10-23T21:27:27,140][INFO ][logstash.filters.multitest] multi_filter called, 0 events
[2017-10-23T21:27:27,145][INFO ][logstash.filters.multitest] multi_filter called, 0 events
[2017-10-23T21:27:27,151][INFO ][logstash.filters.multitest] multi_filter called, 0 events
[2017-10-23T21:27:27,156][INFO ][logstash.filters.multitest] multi_filter called, 0 events
[2017-10-23T21:27:27,162][INFO ][logstash.filters.multitest] multi_filter called, 0 events
[2017-10-23T21:27:27,167][INFO ][logstash.filters.multitest] multi_filter called, 0 events
[2017-10-23T21:27:27,173][INFO ][logstash.filters.multitest] multi_filter called, 0 events
[2017-10-23T21:27:27,178][INFO ][logstash.filters.multitest] multi_filter called, 0 events
[2017-10-23T21:27:27,183][INFO ][logstash.filters.multitest] multi_filter called, 0 events
[2017-10-23T21:27:27,189][INFO ][logstash.filters.multitest] multi_filter called, 0 events
[2017-10-23T21:27:27,194][INFO ][logstash.filters.multitest] multi_filter called, 0 events
[2017-10-23T21:27:27,200][INFO ][logstash.filters.multitest] multi_filter called, 0 events
[2017-10-23T21:27:27,205][INFO ][logstash.filters.multitest] multi_filter called, 0 events
[2017-10-23T21:27:27,211][INFO ][logstash.filters.multitest] multi_filter called, 0 events
[2017-10-23T21:27:27,216][INFO ][logstash.filters.multitest] multi_filter called, 0 events
[2017-10-23T21:27:27,221][INFO ][logstash.filters.multitest] multi_filter called, 0 events
[2017-10-23T21:27:27,227][INFO ][logstash.filters.multitest] multi_filter called, 0 events
[2017-10-23T21:27:27,232][INFO ][logstash.filters.multitest] multi_filter called, 0 events
[2017-10-23T21:27:27,238][INFO ][logstash.filters.multitest] multi_filter called, 0 events
[2017-10-23T21:27:27,243][INFO ][logstash.filters.multitest] multi_filter called, 0 events
[2017-10-23T21:27:27,249][INFO ][logstash.filters.multitest] multi_filter called, 0 events
[2017-10-23T21:27:27,254][INFO ][logstash.filters.multitest] multi_filter called, 0 events
[2017-10-23T21:27:27,260][INFO ][logstash.filters.multitest] multi_filter called, 0 events
[2017-10-23T21:27:27,265][INFO ][logstash.filters.multitest] multi_filter called, 0 events
[2017-10-23T21:27:27,270][INFO ][logstash.filters.multitest] multi_filter called, 0 events
[2017-10-23T21:27:27,276][INFO ][logstash.filters.multitest] multi_filter called, 0 events
[2017-10-23T21:27:27,281][INFO ][logstash.filters.multitest] multi_filter called, 0 events
[2017-10-23T21:27:27,287][INFO ][logstash.filters.multitest] multi_filter called, 0 events
[2017-10-23T21:27:27,292][INFO ][logstash.filters.multitest] multi_filter called, 0 events
[2017-10-23T21:27:27,297][INFO ][logstash.filters.multitest] multi_filter called, 0 events
[2017-10-23T21:27:27,303][INFO ][logstash.filters.multitest] multi_filter called, 0 events
[2017-10-23T21:27:27,309][INFO ][logstash.filters.multitest] multi_filter called, 0 events
[2017-10-23T21:27:27,314][INFO ][logstash.filters.multitest] multi_filter called, 0 events
[2017-10-23T21:27:27,319][INFO ][logstash.filters.multitest] multi_filter called, 0 events
[2017-10-23T21:27:27,325][INFO ][logstash.filters.multitest] multi_filter called, 0 events
[2017-10-23T21:27:27,330][INFO ][logstash.filters.multitest] multi_filter called, 0 events
[2017-10-23T21:27:27,336][INFO ][logstash.filters.multitest] multi_filter called, 0 events
[2017-10-23T21:27:27,341][INFO ][logstash.filters.multitest] multi_filter called, 0 events
[2017-10-23T21:27:27,346][INFO ][logstash.filters.multitest] multi_filter called, 0 events
[2017-10-23T21:27:27,352][INFO ][logstash.filters.multitest] multi_filter called, 0 events
[2017-10-23T21:27:27,357][INFO ][logstash.filters.multitest] multi_filter called, 0 events
[2017-10-23T21:27:27,363][INFO ][logstash.filters.multitest] multi_filter called, 0 events
[2017-10-23T21:27:27,368][INFO ][logstash.filters.multitest] multi_filter called, 0 events
[2017-10-23T21:27:27,373][INFO ][logstash.filters.multitest] multi_filter called, 0 events
[2017-10-23T21:27:27,379][INFO ][logstash.filters.multitest] multi_filter called, 0 events
[2017-10-23T21:27:27,384][INFO ][logstash.filters.multitest] multi_filter called, 0 events
[2017-10-23T21:27:27,390][INFO ][logstash.filters.multitest] multi_filter called, 0 events
[2017-10-23T21:27:27,395][INFO ][logstash.filters.multitest] multi_filter called, 0 events
[2017-10-23T21:27:27,400][INFO ][logstash.filters.multitest] multi_filter called, 0 events
[2017-10-23T21:27:27,406][INFO ][logstash.filters.multitest] multi_filter called, 0 events
[2017-10-23T21:27:27,411][INFO ][logstash.filters.multitest] multi_filter called, 0 events
[2017-10-23T21:27:27,417][INFO ][logstash.filters.multitest] multi_filter called, 0 events
[2017-10-23T21:27:27,422][INFO ][logstash.filters.multitest] multi_filter called, 0 events
[2017-10-23T21:27:27,428][INFO ][logstash.filters.multitest] multi_filter called, 0 events
[2017-10-23T21:27:27,433][INFO ][logstash.filters.multitest] multi_filter called, 0 events
[2017-10-23T21:27:27,438][INFO ][logstash.filters.multitest] multi_filter called, 0 events
[2017-10-23T21:27:27,444][INFO ][logstash.filters.multitest] multi_filter called, 0 events
[2017-10-23T21:27:27,449][INFO ][logstash.filters.multitest] multi_filter called, 0 events
[2017-10-23T21:27:27,454][INFO ][logstash.filters.multitest] multi_filter called, 0 events
[2017-10-23T21:27:27,460][INFO ][logstash.filters.multitest] multi_filter called, 0 events
[2017-10-23T21:27:27,465][INFO ][logstash.filters.multitest] multi_filter called, 0 events
[2017-10-23T21:27:27,471][INFO ][logstash.filters.multitest] multi_filter called, 0 events
[2017-10-23T21:27:27,476][INFO ][logstash.filters.multitest] multi_filter called, 0 events
[2017-10-23T21:27:27,481][INFO ][logstash.filters.multitest] multi_filter called, 0 events
[2017-10-23T21:27:27,487][INFO ][logstash.filters.multitest] multi_filter called, 0 events
[2017-10-23T21:27:27,492][INFO ][logstash.filters.multitest] multi_filter called, 0 events
[2017-10-23T21:27:27,498][INFO ][logstash.filters.multitest] multi_filter called, 0 events
[2017-10-23T21:27:27,503][INFO ][logstash.filters.multitest] multi_filter called, 0 events
[2017-10-23T21:27:27,508][INFO ][logstash.filters.multitest] multi_filter called, 0 events
[2017-10-23T21:27:27,514][INFO ][logstash.filters.multitest] multi_filter called, 0 events
[2017-10-23T21:27:27,519][INFO ][logstash.filters.multitest] multi_filter called, 0 events
[2017-10-23T21:27:27,525][INFO ][logstash.filters.multitest] multi_filter called, 0 events
[2017-10-23T21:27:27,531][INFO ][logstash.filters.multitest] multi_filter called, 0 events
[2017-10-23T21:27:27,536][INFO ][logstash.filters.multitest] multi_filter called, 0 events
[2017-10-23T21:27:27,542][INFO ][logstash.filters.multitest] multi_filter called, 0 events
[2017-10-23T21:27:27,548][INFO ][logstash.filters.multitest] multi_filter called, 0 events
[2017-10-23T21:27:27,554][INFO ][logstash.filters.multitest] multi_filter called, 0 events
[2017-10-23T21:27:27,559][INFO ][logstash.filters.multitest] multi_filter called, 0 events
[2017-10-23T21:27:27,565][INFO ][logstash.filters.multitest] multi_filter called, 0 events
[2017-10-23T21:27:27,571][INFO ][logstash.filters.multitest] multi_filter called, 0 events
[2017-10-23T21:27:27,578][INFO ][logstash.filters.multitest] multi_filter called, 0 events
[2017-10-23T21:27:27,584][INFO ][logstash.filters.multitest] multi_filter called, 0 events
[2017-10-23T21:27:27,589][INFO ][logstash.filters.multitest] multi_filter called, 0 events
[2017-10-23T21:27:27,596][INFO ][logstash.filters.multitest] multi_filter called, 0 events
[2017-10-23T21:27:27,602][INFO ][logstash.filters.multitest] multi_filter called, 0 events
[2017-10-23T21:27:27,607][INFO ][logstash.filters.multitest] multi_filter called, 0 events
[2017-10-23T21:27:27,613][INFO ][logstash.filters.multitest] multi_filter called, 0 events
[2017-10-23T21:27:27,619][INFO ][logstash.filters.multitest] multi_filter called, 0 events
[2017-10-23T21:27:27,625][INFO ][logstash.filters.multitest] multi_filter called, 0 events
[2017-10-23T21:27:27,631][INFO ][logstash.filters.multitest] multi_filter called, 0 events
[2017-10-23T21:27:27,637][INFO ][logstash.filters.multitest] multi_filter called, 0 events
[2017-10-23T21:27:27,643][INFO ][logstash.filters.multitest] multi_filter called, 0 events
[2017-10-23T21:27:27,649][INFO ][logstash.filters.multitest] multi_filter called, 0 events
[2017-10-23T21:27:27,656][INFO ][logstash.filters.multitest] multi_filter called, 0 events
[2017-10-23T21:27:27,663][INFO ][logstash.filters.multitest] multi_filter called, 0 events
[2017-10-23T21:27:27,669][INFO ][logstash.filters.multitest] multi_filter called, 0 events
[2017-10-23T21:27:27,674][INFO ][logstash.filters.multitest] multi_filter called, 0 events
[2017-10-23T21:27:27,685][INFO ][logstash.filters.multitest] multi_filter called, 0 events
[2017-10-23T21:27:27,691][INFO ][logstash.filters.multitest] multi_filter called, 0 events
[2017-10-23T21:27:27,696][INFO ][logstash.filters.multitest] multi_filter called, 0 events
[2017-10-23T21:27:27,701][INFO ][logstash.filters.multitest] multi_filter called, 0 events
[2017-10-23T21:27:27,707][INFO ][logstash.filters.multitest] multi_filter called, 0 events
[2017-10-23T21:27:27,713][INFO ][logstash.filters.multitest] multi_filter called, 0 events
[2017-10-23T21:27:27,719][INFO ][logstash.filters.multitest] multi_filter called, 0 events
[2017-10-23T21:27:27,728][INFO ][logstash.filters.multitest] multi_filter called, 1 events
{
          "host" => "ip-172-31-25-109",
      "@version" => "1",
    "@timestamp" => 2017-10-23T21:27:27.721Z,
       "message" => "ok"
}
[2017-10-23T21:27:27,747][INFO ][logstash.filters.multitest] multi_filter called, 0 events
[2017-10-23T21:27:27,752][INFO ][logstash.filters.multitest] multi_filter called, 0 events
[2017-10-23T21:27:27,758][INFO ][logstash.filters.multitest] multi_filter called, 0 events
[2017-10-23T21:27:27,763][INFO ][logstash.filters.multitest] multi_filter called, 0 events
[2017-10-23T21:27:27,769][INFO ][logstash.filters.multitest] multi_filter called, 0 events
[2017-10-23T21:27:27,775][INFO ][logstash.filters.multitest] multi_filter called, 0 events
[2017-10-23T21:27:27,780][INFO ][logstash.filters.multitest] multi_filter called, 0 events
[2017-10-23T21:27:27,786][INFO ][logstash.filters.multitest] multi_filter called, 0 events
[2017-10-23T21:27:27,792][INFO ][logstash.filters.multitest] multi_filter called, 0 events
[2017-10-23T21:27:27,797][INFO ][logstash.filters.multitest] multi_filter called, 0 events
[2017-10-23T21:27:27,803][INFO ][logstash.filters.multitest] multi_filter called, 0 events
[2017-10-23T21:27:27,809][INFO ][logstash.filters.multitest] multi_filter called, 0 events
[2017-10-23T21:27:27,814][INFO ][logstash.filters.multitest] multi_filter called, 0 events
[2017-10-23T21:27:27,820][INFO ][logstash.filters.multitest] multi_filter called, 0 events
[2017-10-23T21:27:27,825][INFO ][logstash.filters.multitest] multi_filter called, 0 events
[2017-10-23T21:27:27,831][INFO ][logstash.filters.multitest] multi_filter called, 0 events
[2017-10-23T21:27:27,836][INFO ][logstash.filters.multitest] multi_filter called, 0 events
[2017-10-23T21:27:27,842][INFO ][logstash.filters.multitest] multi_filter called, 0 events
[2017-10-23T21:27:27,847][INFO ][logstash.filters.multitest] multi_filter called, 0 events
[2017-10-23T21:27:27,853][INFO ][logstash.filters.multitest] multi_filter called, 0 events
[2017-10-23T21:27:27,859][INFO ][logstash.filters.multitest] multi_filter called, 0 events
[2017-10-23T21:27:27,864][INFO ][logstash.filters.multitest] multi_filter called, 0 events
[2017-10-23T21:27:27,870][INFO ][logstash.filters.multitest] multi_filter called, 0 events
[2017-10-23T21:27:27,875][INFO ][logstash.filters.multitest] multi_filter called, 0 events
[2017-10-23T21:27:27,881][INFO ][logstash.filters.multitest] multi_filter called, 0 events
[2017-10-23T21:27:27,886][INFO ][logstash.filters.multitest] multi_filter called, 0 events
[2017-10-23T21:27:27,891][INFO ][logstash.filters.multitest] multi_filter called, 0 events
[2017-10-23T21:27:27,899][INFO ][logstash.filters.multitest] multi_filter called, 0 events
[2017-10-23T21:27:27,904][INFO ][logstash.filters.multitest] multi_filter called, 0 events
[2017-10-23T21:27:27,910][INFO ][logstash.filters.multitest] multi_filter called, 0 events
[2017-10-23T21:27:27,916][INFO ][logstash.filters.multitest] multi_filter called, 0 events
[2017-10-23T21:27:27,921][INFO ][logstash.filters.multitest] multi_filter called, 0 events
[2017-10-23T21:27:27,927][INFO ][logstash.filters.multitest] multi_filter called, 0 events
[2017-10-23T21:27:27,933][INFO ][logstash.filters.multitest] multi_filter called, 0 events
[2017-10-23T21:27:27,939][INFO ][logstash.filters.multitest] multi_filter called, 0 events
[2017-10-23T21:27:27,944][INFO ][logstash.filters.multitest] multi_filter called, 0 events
[2017-10-23T21:27:27,950][INFO ][logstash.filters.multitest] multi_filter called, 0 events
[2017-10-23T21:27:27,956][INFO ][logstash.filters.multitest] multi_filter called, 0 events
[2017-10-23T21:27:27,961][INFO ][logstash.filters.multitest] multi_filter called, 0 events
[2017-10-23T21:27:27,967][INFO ][logstash.filters.multitest] multi_filter called, 0 events
[2017-10-23T21:27:27,973][INFO ][logstash.filters.multitest] multi_filter called, 0 events
[2017-10-23T21:27:27,979][INFO ][logstash.filters.multitest] multi_filter called, 0 events
[2017-10-23T21:27:27,987][INFO ][logstash.filters.multitest] multi_filter called, 0 events
[2017-10-23T21:27:27,992][INFO ][logstash.filters.multitest] multi_filter called, 0 events
[2017-10-23T21:27:27,998][INFO ][logstash.filters.multitest] multi_filter called, 0 events
[2017-10-23T21:27:28,004][INFO ][logstash.filters.multitest] multi_filter called, 0 events
[2017-10-23T21:27:28,015][INFO ][logstash.filters.multitest] multi_filter called, 0 events
[2017-10-23T21:27:28,021][INFO ][logstash.filters.multitest] multi_filter called, 0 events
[2017-10-23T21:27:28,026][INFO ][logstash.filters.multitest] multi_filter called, 0 events
[2017-10-23T21:27:28,032][INFO ][logstash.filters.multitest] multi_filter called, 0 events
[2017-10-23T21:27:28,037][INFO ][logstash.filters.multitest] multi_filter called, 0 events
[2017-10-23T21:27:28,043][INFO ][logstash.filters.multitest] multi_filter called, 0 events
[2017-10-23T21:27:28,049][INFO ][logstash.filters.multitest] multi_filter called, 0 events
[2017-10-23T21:27:28,054][INFO ][logstash.filters.multitest] multi_filter called, 0 events
[2017-10-23T21:27:28,060][INFO ][logstash.filters.multitest] multi_filter called, 0 events
[2017-10-23T21:27:28,066][INFO ][logstash.filters.multitest] multi_filter called, 0 events
[2017-10-23T21:27:28,071][INFO ][logstash.filters.multitest] multi_filter called, 0 events
[2017-10-23T21:27:28,077][INFO ][logstash.filters.multitest] multi_filter called, 0 events
[2017-10-23T21:27:28,083][INFO ][logstash.filters.multitest] multi_filter called, 0 events
[2017-10-23T21:27:28,088][INFO ][logstash.filters.multitest] multi_filter called, 0 events
[2017-10-23T21:27:28,094][INFO ][logstash.filters.multitest] multi_filter called, 0 events
[2017-10-23T21:27:28,100][INFO ][logstash.filters.multitest] multi_filter called, 0 events
[2017-10-23T21:27:28,148][INFO ][logstash.filters.multitest] multi_filter called, 0 events
[2017-10-23T21:27:28,154][INFO ][logstash.filters.multitest] multi_filter called, 0 events
[2017-10-23T21:27:28,159][INFO ][logstash.filters.multitest] multi_filter called, 0 events
[2017-10-23T21:27:28,164][INFO ][logstash.filters.multitest] multi_filter called, 0 events
[2017-10-23T21:27:28,170][INFO ][logstash.filters.multitest] multi_filter called, 0 events
[2017-10-23T21:27:28,175][INFO ][logstash.filters.multitest] multi_filter called, 0 events
[2017-10-23T21:27:28,180][INFO ][logstash.filters.multitest] multi_filter called, 0 events
[2017-10-23T21:27:28,186][INFO ][logstash.filters.multitest] multi_filter called, 0 events
[2017-10-23T21:27:28,191][INFO ][logstash.filters.multitest] multi_filter called, 0 events
[2017-10-23T21:27:28,197][INFO ][logstash.filters.multitest] multi_filter called, 0 events
[2017-10-23T21:27:28,202][INFO ][logstash.filters.multitest] multi_filter called, 0 events
[2017-10-23T21:27:28,207][INFO ][logstash.filters.multitest] multi_filter called, 0 events
[2017-10-23T21:27:28,213][INFO ][logstash.filters.multitest] multi_filter called, 0 events
[2017-10-23T21:27:28,218][INFO ][logstash.filters.multitest] multi_filter called, 0 events
[2017-10-23T21:27:28,224][INFO ][logstash.filters.multitest] multi_filter called, 0 events
[2017-10-23T21:27:28,229][INFO ][logstash.filters.multitest] multi_filter called, 0 events
[2017-10-23T21:27:28,235][INFO ][logstash.filters.multitest] multi_filter called, 0 events
[2017-10-23T21:27:28,240][INFO ][logstash.filters.multitest] multi_filter called, 0 events
[2017-10-23T21:27:28,245][INFO ][logstash.filters.multitest] multi_filter called, 0 events
[2017-10-23T21:27:28,251][INFO ][logstash.filters.multitest] multi_filter called, 0 events
[2017-10-23T21:27:28,256][INFO ][logstash.filters.multitest] multi_filter called, 0 events
[2017-10-23T21:27:28,261][INFO ][logstash.filters.multitest] multi_filter called, 0 events
[2017-10-23T21:27:28,267][INFO ][logstash.filters.multitest] multi_filter called, 0 events
[2017-10-23T21:27:28,272][INFO ][logstash.filters.multitest] multi_filter called, 0 events
[2017-10-23T21:27:28,277][INFO ][logstash.filters.multitest] multi_filter called, 0 events
[2017-10-23T21:27:28,283][INFO ][logstash.filters.multitest] multi_filter called, 0 events
[2017-10-23T21:27:28,288][INFO ][logstash.filters.multitest] multi_filter called, 0 events
[2017-10-23T21:27:28,293][INFO ][logstash.filters.multitest] multi_filter called, 0 events
[2017-10-23T21:27:28,299][INFO ][logstash.filters.multitest] multi_filter called, 0 events
[2017-10-23T21:27:28,304][INFO ][logstash.filters.multitest] multi_filter called, 0 events
[2017-10-23T21:27:28,309][INFO ][logstash.filters.multitest] multi_filter called, 0 events
[2017-10-23T21:27:28,315][INFO ][logstash.filters.multitest] multi_filter called, 0 events
[2017-10-23T21:27:28,321][INFO ][logstash.filters.multitest] multi_filter called, 0 events
[2017-10-23T21:27:28,326][INFO ][logstash.filters.multitest] multi_filter called, 0 events
[2017-10-23T21:27:28,332][INFO ][logstash.filters.multitest] multi_filter called, 0 events
[2017-10-23T21:27:28,337][INFO ][logstash.filters.multitest] multi_filter called, 0 events
[2017-10-23T21:27:28,343][INFO ][logstash.filters.multitest] multi_filter called, 0 events
[2017-10-23T21:27:28,349][INFO ][logstash.filters.multitest] multi_filter called, 0 events
[2017-10-23T21:27:28,354][INFO ][logstash.filters.multitest] multi_filter called, 0 events
[2017-10-23T21:27:28,360][INFO ][logstash.filters.multitest] multi_filter called, 0 events
[2017-10-23T21:27:28,366][INFO ][logstash.filters.multitest] multi_filter called, 0 events
[2017-10-23T21:27:28,371][INFO ][logstash.filters.multitest] multi_filter called, 0 events
[2017-10-23T21:27:28,377][INFO ][logstash.filters.multitest] multi_filter called, 0 events
[2017-10-23T21:27:28,383][INFO ][logstash.filters.multitest] multi_filter called, 0 events
[2017-10-23T21:27:28,389][INFO ][logstash.filters.multitest] multi_filter called, 0 events
[2017-10-23T21:27:28,394][INFO ][logstash.filters.multitest] multi_filter called, 0 events
[2017-10-23T21:27:28,400][INFO ][logstash.filters.multitest] multi_filter called, 0 events
[2017-10-23T21:27:28,411][INFO ][logstash.filters.multitest] multi_filter called, 0 events
[2017-10-23T21:27:28,463][INFO ][logstash.filters.multitest] multi_filter called, 0 events
[2017-10-23T21:27:28,469][INFO ][logstash.filters.multitest] multi_filter called, 0 events
[2017-10-23T21:27:28,474][INFO ][logstash.filters.multitest] multi_filter called, 0 events
[2017-10-23T21:27:28,479][INFO ][logstash.filters.multitest] multi_filter called, 0 events
[2017-10-23T21:27:28,485][INFO ][logstash.filters.multitest] multi_filter called, 0 events
[2017-10-23T21:27:28,490][INFO ][logstash.filters.multitest] multi_filter called, 0 events
[2017-10-23T21:27:28,495][INFO ][logstash.filters.multitest] multi_filter called, 0 events
[2017-10-23T21:27:28,501][INFO ][logstash.filters.multitest] multi_filter called, 0 events
[2017-10-23T21:27:28,506][INFO ][logstash.filters.multitest] multi_filter called, 0 events
[2017-10-23T21:27:28,511][INFO ][logstash.filters.multitest] multi_filter called, 0 events
[2017-10-23T21:27:28,517][INFO ][logstash.filters.multitest] multi_filter called, 0 events
[2017-10-23T21:27:28,522][INFO ][logstash.filters.multitest] multi_filter called, 0 events
[2017-10-23T21:27:28,527][INFO ][logstash.filters.multitest] multi_filter called, 0 events
[2017-10-23T21:27:28,533][INFO ][logstash.filters.multitest] multi_filter called, 0 events
[2017-10-23T21:27:28,538][INFO ][logstash.filters.multitest] multi_filter called, 0 events
[2017-10-23T21:27:28,543][INFO ][logstash.filters.multitest] multi_filter called, 0 events
[2017-10-23T21:27:28,549][INFO ][logstash.filters.multitest] multi_filter called, 0 events
[2017-10-23T21:27:28,555][INFO ][logstash.filters.multitest] multi_filter called, 0 events
[2017-10-23T21:27:28,560][INFO ][logstash.filters.multitest] multi_filter called, 0 events
[2017-10-23T21:27:28,566][INFO ][logstash.filters.multitest] multi_filter called, 0 events
[2017-10-23T21:27:28,572][INFO ][logstash.filters.multitest] multi_filter called, 0 events
[2017-10-23T21:27:28,579][INFO ][logstash.filters.multitest] multi_filter called, 0 events
[2017-10-23T21:27:28,586][INFO ][logstash.filters.multitest] multi_filter called, 0 events
[2017-10-23T21:27:28,591][INFO ][logstash.filters.multitest] multi_filter called, 0 events
[2017-10-23T21:27:28,597][INFO ][logstash.filters.multitest] multi_filter called, 0 events
[2017-10-23T21:27:28,603][INFO ][logstash.filters.multitest] multi_filter called, 0 events
[2017-10-23T21:27:28,609][INFO ][logstash.filters.multitest] multi_filter called, 0 events
[2017-10-23T21:27:28,614][INFO ][logstash.filters.multitest] multi_filter called, 0 events
[2017-10-23T21:27:28,620][INFO ][logstash.filters.multitest] multi_filter called, 0 events
[2017-10-23T21:27:28,625][INFO ][logstash.filters.multitest] multi_filter called, 0 events
[2017-10-23T21:27:28,631][INFO ][logstash.filters.multitest] multi_filter called, 0 events
[2017-10-23T21:27:28,636][INFO ][logstash.filters.multitest] multi_filter called, 0 events
[2017-10-23T21:27:28,641][INFO ][logstash.filters.multitest] multi_filter called, 0 events
[2017-10-23T21:27:28,647][INFO ][logstash.filters.multitest] multi_filter called, 0 events
[2017-10-23T21:27:28,652][INFO ][logstash.filters.multitest] multi_filter called, 0 events
[2017-10-23T21:27:28,657][INFO ][logstash.filters.multitest] multi_filter called, 0 events
[2017-10-23T21:27:28,663][INFO ][logstash.filters.multitest] multi_filter called, 0 events
[2017-10-23T21:27:28,668][INFO ][logstash.filters.multitest] multi_filter called, 0 events
[2017-10-23T21:27:28,673][INFO ][logstash.filters.multitest] multi_filter called, 0 events
[2017-10-23T21:27:28,679][INFO ][logstash.filters.multitest] multi_filter called, 0 events
[2017-10-23T21:27:28,685][INFO ][logstash.filters.multitest] multi_filter called, 0 events
[2017-10-23T21:27:28,690][INFO ][logstash.filters.multitest] multi_filter called, 0 events
[2017-10-23T21:27:28,696][INFO ][logstash.filters.multitest] multi_filter called, 0 events
[2017-10-23T21:27:28,701][INFO ][logstash.filters.multitest] multi_filter called, 0 events
[2017-10-23T21:27:28,707][INFO ][logstash.filters.multitest] multi_filter called, 0 events
[2017-10-23T21:27:28,713][INFO ][logstash.filters.multitest] multi_filter called, 0 events
[2017-10-23T21:27:28,719][INFO ][logstash.filters.multitest] multi_filter called, 0 events
[2017-10-23T21:27:28,727][INFO ][logstash.filters.multitest] multi_filter called, 1 events
{
          "host" => "ip-172-31-25-109",
      "@version" => "1",
    "@timestamp" => 2017-10-23T21:27:28.721Z,
       "message" => "ok"
}
[2017-10-23T21:27:28,734][INFO ][logstash.filters.multitest] multi_filter called, 0 events
[2017-10-23T21:27:28,740][INFO ][logstash.filters.multitest] multi_filter called, 0 events
[2017-10-23T21:27:28,746][INFO ][logstash.filters.multitest] multi_filter called, 0 events
[2017-10-23T21:27:28,751][INFO ][logstash.filters.multitest] multi_filter called, 0 events
[2017-10-23T21:27:28,757][INFO ][logstash.filters.multitest] multi_filter called, 0 events
[2017-10-23T21:27:28,762][INFO ][logstash.filters.multitest] multi_filter called, 0 events
[2017-10-23T21:27:28,767][INFO ][logstash.filters.multitest] multi_filter called, 0 events
[2017-10-23T21:27:28,773][INFO ][logstash.filters.multitest] multi_filter called, 0 events
[2017-10-23T21:27:29,727][WARN ][logstash.agent           ] stopping pipeline {:id=>"main"}
